-- The C compiler identification is GNU 9.4.0
-- The CXX compiler identification is GNU 9.4.0
-- Check for working C compiler: /usr/bin/cc
-- Check for working C compiler: /usr/bin/cc -- works
-- Detecting C compiler ABI info
-- Detecting C compiler ABI info - done
-- Detecting C compile features
-- Detecting C compile features - done
-- Check for working CXX compiler: /usr/bin/c++
-- Check for working CXX compiler: /usr/bin/c++ -- works
-- Detecting CXX compiler ABI info
-- Detecting CXX compiler ABI info - done
-- Detecting CXX compile features
-- Detecting CXX compile features - done
-- Found ament_cmake: 0.9.12 (/opt/ros/foxy/share/ament_cmake/cmake)
-- Found PythonInterp: /usr/bin/python3 (found suitable version "3.8.10", minimum required is "3") 
-- Using PYTHON_EXECUTABLE: /usr/bin/python3
-- Found rclcpp: 2.4.3 (/opt/ros/foxy/share/rclcpp/cmake)
-- Using all available rosidl_typesupport_c: rosidl_typesupport_fastrtps_c;rosidl_typesupport_introspection_c
-- Found rosidl_adapter: 1.3.1 (/opt/ros/foxy/share/rosidl_adapter/cmake)
-- Found OpenSSL: /usr/lib/x86_64-linux-gnu/libcrypto.so (found version "1.1.1f")  
-- Found FastRTPS: /opt/ros/foxy/include  
-- Using all available rosidl_typesupport_cpp: rosidl_typesupport_fastrtps_cpp;rosidl_typesupport_introspection_cpp
-- Found rmw_implementation_cmake: 1.0.4 (/opt/ros/foxy/share/rmw_implementation_cmake/cmake)
-- Using RMW implementation 'rmw_fastrtps_cpp' as default
-- Looking for pthread.h
-- Looking for pthread.h - found
-- Performing Test CMAKE_HAVE_LIBC_PTHREAD
-- Performing Test CMAKE_HAVE_LIBC_PTHREAD - Failed
-- Looking for pthread_create in pthreads
-- Looking for pthread_create in pthreads - not found
-- Looking for pthread_create in pthread
-- Looking for pthread_create in pthread - found
-- Found Threads: TRUE  
-- Found xacro: 2.0.7 (/opt/ros/foxy/share/xacro/cmake)
-- Found geometry_msgs: 2.0.5 (/opt/ros/foxy/share/geometry_msgs/cmake)
-- Configuring done
-- Generating done
-- Build files have been written to: /home/mithun/dev_ws/build/articubot_one
[35m[1mScanning dependencies of target move_robot_node[0m
[ 50%] [32mBuilding CXX object CMakeFiles/move_robot_node.dir/src/move_robot_node.cpp.o[0m
[100%] [32m[1mLinking CXX executable move_robot_node[0m
[100%] Built target move_robot_node
-- Install configuration: ""
-- Installing: /home/mithun/dev_ws/install/articubot_one/lib/articubot_one/move_robot_node
-- Set runtime path of "/home/mithun/dev_ws/install/articubot_one/lib/articubot_one/move_robot_node" to ""
-- Installing: /home/mithun/dev_ws/install/articubot_one/share/articubot_one/launch
-- Installing: /home/mithun/dev_ws/install/articubot_one/share/articubot_one/launch/launch_robot.launch.py
-- Installing: /home/mithun/dev_ws/install/articubot_one/share/articubot_one/launch/manager_cabin_launch.py
-- Installing: /home/mithun/dev_ws/install/articubot_one/share/articubot_one/launch/ceo_cabin_launch.py
-- Installing: /home/mithun/dev_ws/install/articubot_one/share/articubot_one/launch/camera.launch.py
-- Installing: /home/mithun/dev_ws/install/articubot_one/share/articubot_one/launch/online_async_launch.py
-- Installing: /home/mithun/dev_ws/install/articubot_one/share/articubot_one/launch/launch_sim.launch.py
-- Installing: /home/mithun/dev_ws/install/articubot_one/share/articubot_one/launch/rsp.launch.py
-- Installing: /home/mithun/dev_ws/install/articubot_one/share/articubot_one/launch/joystick.launch.py
-- Installing: /home/mithun/dev_ws/install/articubot_one/share/articubot_one/launch/navigation_launch.py
-- Installing: /home/mithun/dev_ws/install/articubot_one/share/articubot_one/launch/localization_launch.py
-- Installing: /home/mithun/dev_ws/install/articubot_one/share/articubot_one/launch/rplidar.launch.py
-- Installing: /home/mithun/dev_ws/install/articubot_one/share/articubot_one/launch/ball_tracker.launch.py
-- Installing: /home/mithun/dev_ws/install/articubot_one/share/articubot_one/description
-- Installing: /home/mithun/dev_ws/install/articubot_one/share/articubot_one/description/gazebo_control.xacro
-- Installing: /home/mithun/dev_ws/install/articubot_one/share/articubot_one/description/robot.urdf.xacro
-- Installing: /home/mithun/dev_ws/install/articubot_one/share/articubot_one/description/face.xacro
-- Installing: /home/mithun/dev_ws/install/articubot_one/share/articubot_one/description/camera.xacro
-- Installing: /home/mithun/dev_ws/install/articubot_one/share/articubot_one/description/robot_core.xacro
-- Installing: /home/mithun/dev_ws/install/articubot_one/share/articubot_one/description/lidar.xacro
-- Installing: /home/mithun/dev_ws/install/articubot_one/share/articubot_one/description/inertial_macros.xacro
-- Installing: /home/mithun/dev_ws/install/articubot_one/share/articubot_one/description/depth_camera.xacro
-- Installing: /home/mithun/dev_ws/install/articubot_one/share/articubot_one/description/ros2_control.xacro
-- Installing: /home/mithun/dev_ws/install/articubot_one/share/articubot_one/config
-- Installing: /home/mithun/dev_ws/install/articubot_one/share/articubot_one/config/joystick.yaml
-- Installing: /home/mithun/dev_ws/install/articubot_one/share/articubot_one/config/my_controllers.yaml
-- Installing: /home/mithun/dev_ws/install/articubot_one/share/articubot_one/config/empty.yaml
-- Installing: /home/mithun/dev_ws/install/articubot_one/share/articubot_one/config/ball_tracker_params_robot.yaml
-- Installing: /home/mithun/dev_ws/install/articubot_one/share/articubot_one/config/drive_bot.rviz
-- Installing: /home/mithun/dev_ws/install/articubot_one/share/articubot_one/config/map.rviz
-- Installing: /home/mithun/dev_ws/install/articubot_one/share/articubot_one/config/main.rviz
-- Installing: /home/mithun/dev_ws/install/articubot_one/share/articubot_one/config/gaz_ros2_ctl_use_sim.yaml
-- Installing: /home/mithun/dev_ws/install/articubot_one/share/articubot_one/config/mapper_params_online_async.yaml
-- Installing: /home/mithun/dev_ws/install/articubot_one/share/articubot_one/config/view_bot.rviz
-- Installing: /home/mithun/dev_ws/install/articubot_one/share/articubot_one/config/gazebo_params.yaml
-- Installing: /home/mithun/dev_ws/install/articubot_one/share/articubot_one/config/ball_tracker_params_sim.yaml
-- Installing: /home/mithun/dev_ws/install/articubot_one/share/articubot_one/config/nav2_params.yaml
-- Installing: /home/mithun/dev_ws/install/articubot_one/share/articubot_one/config/twist_mux.yaml
-- Installing: /home/mithun/dev_ws/install/articubot_one/share/articubot_one/worlds
-- Installing: /home/mithun/dev_ws/install/articubot_one/share/articubot_one/worlds/obstacles..world
-- Installing: /home/mithun/dev_ws/install/articubot_one/share/articubot_one/worlds/empty.world
-- Installing: /home/mithun/dev_ws/install/articubot_one/share/articubot_one/worlds/obstacles.world
-- Installing: /home/mithun/dev_ws/install/articubot_one/share/articubot_one/worlds/obstacles_world
-- Installing: /home/mithun/dev_ws/install/articubot_one/share/ament_index/resource_index/package_run_dependencies/articubot_one
-- Installing: /home/mithun/dev_ws/install/articubot_one/share/ament_index/resource_index/parent_prefix_path/articubot_one
-- Installing: /home/mithun/dev_ws/install/articubot_one/share/articubot_one/environment/ament_prefix_path.sh
-- Installing: /home/mithun/dev_ws/install/articubot_one/share/articubot_one/environment/ament_prefix_path.dsv
-- Installing: /home/mithun/dev_ws/install/articubot_one/share/articubot_one/environment/path.sh
-- Installing: /home/mithun/dev_ws/install/articubot_one/share/articubot_one/environment/path.dsv
-- Installing: /home/mithun/dev_ws/install/articubot_one/share/articubot_one/local_setup.bash
-- Installing: /home/mithun/dev_ws/install/articubot_one/share/articubot_one/local_setup.sh
-- Installing: /home/mithun/dev_ws/install/articubot_one/share/articubot_one/local_setup.zsh
-- Installing: /home/mithun/dev_ws/install/articubot_one/share/articubot_one/local_setup.dsv
-- Installing: /home/mithun/dev_ws/install/articubot_one/share/articubot_one/package.dsv
-- Installing: /home/mithun/dev_ws/install/articubot_one/share/ament_index/resource_index/packages/articubot_one
-- Installing: /home/mithun/dev_ws/install/articubot_one/share/articubot_one/cmake/articubot_oneConfig.cmake
-- Installing: /home/mithun/dev_ws/install/articubot_one/share/articubot_one/cmake/articubot_oneConfig-version.cmake
-- Installing: /home/mithun/dev_ws/install/articubot_one/share/articubot_one/package.xml
