[0.008s] Invoking command in '/home/mithun/dev_ws/build/articubot_one': CMAKE_PREFIX_PATH=${CMAKE_PREFIX_PATH}:/home/mithun/robo_ws/install/joy_tester:/opt/ros/foxy /usr/bin/cmake /home/mithun/dev_ws/src/articubot_one -DCMAKE_INSTALL_PREFIX=/home/mithun/dev_ws/install/articubot_one
[0.051s] -- The C compiler identification is GNU 9.4.0
[0.097s] -- The CXX compiler identification is GNU 9.4.0
[0.100s] -- Check for working C compiler: /usr/bin/cc
[0.160s] -- Check for working C compiler: /usr/bin/cc -- works
[0.161s] -- Detecting C compiler ABI info
[0.242s] -- Detecting C compiler ABI info - done
[0.259s] -- Detecting C compile features
[0.260s] -- Detecting C compile features - done
[0.262s] -- Check for working CXX compiler: /usr/bin/c++
[0.353s] -- Check for working CXX compiler: /usr/bin/c++ -- works
[0.354s] -- Detecting CXX compiler ABI info
[0.413s] -- Detecting CXX compiler ABI info - done
[0.420s] -- Detecting CXX compile features
[0.420s] -- Detecting CXX compile features - done
[0.424s] -- Found ament_cmake: 0.9.12 (/opt/ros/foxy/share/ament_cmake/cmake)
[0.444s] -- Found PythonInterp: /usr/bin/python3 (found suitable version "3.8.10", minimum required is "3") 
[0.444s] -- Using PYTHON_EXECUTABLE: /usr/bin/python3
[0.576s] -- Found rclcpp: 2.4.3 (/opt/ros/foxy/share/rclcpp/cmake)
[0.614s] -- Using all available rosidl_typesupport_c: rosidl_typesupport_fastrtps_c;rosidl_typesupport_introspection_c
[0.619s] -- Found rosidl_adapter: 1.3.1 (/opt/ros/foxy/share/rosidl_adapter/cmake)
[0.663s] -- Found OpenSSL: /usr/lib/x86_64-linux-gnu/libcrypto.so (found version "1.1.1f")  
[0.680s] -- Found FastRTPS: /opt/ros/foxy/include  
[0.726s] -- Using all available rosidl_typesupport_cpp: rosidl_typesupport_fastrtps_cpp;rosidl_typesupport_introspection_cpp
[0.759s] -- Found rmw_implementation_cmake: 1.0.4 (/opt/ros/foxy/share/rmw_implementation_cmake/cmake)
[0.760s] -- Using RMW implementation 'rmw_fastrtps_cpp' as default
[0.761s] -- Looking for pthread.h
[0.813s] -- Looking for pthread.h - found
[0.813s] -- Performing Test CMAKE_HAVE_LIBC_PTHREAD
[0.871s] -- Performing Test CMAKE_HAVE_LIBC_PTHREAD - Failed
[0.871s] -- Looking for pthread_create in pthreads
[0.932s] -- Looking for pthread_create in pthreads - not found
[0.932s] -- Looking for pthread_create in pthread
[1.010s] -- Looking for pthread_create in pthread - found
[1.011s] -- Found Threads: TRUE  
[1.108s] -- Found xacro: 2.0.7 (/opt/ros/foxy/share/xacro/cmake)
[1.109s] -- Found geometry_msgs: 2.0.5 (/opt/ros/foxy/share/geometry_msgs/cmake)
[1.181s] -- Configuring done
[1.185s] -- Generating done
[1.186s] -- Build files have been written to: /home/mithun/dev_ws/build/articubot_one
[1.193s] Invoked command in '/home/mithun/dev_ws/build/articubot_one' returned '0': CMAKE_PREFIX_PATH=${CMAKE_PREFIX_PATH}:/home/mithun/robo_ws/install/joy_tester:/opt/ros/foxy /usr/bin/cmake /home/mithun/dev_ws/src/articubot_one -DCMAKE_INSTALL_PREFIX=/home/mithun/dev_ws/install/articubot_one
[1.194s] Invoking command in '/home/mithun/dev_ws/build/articubot_one': CMAKE_PREFIX_PATH=${CMAKE_PREFIX_PATH}:/home/mithun/robo_ws/install/joy_tester:/opt/ros/foxy /usr/bin/cmake --build /home/mithun/dev_ws/build/articubot_one -- -j16 -l16
[1.219s] [35m[1mScanning dependencies of target move_robot_node[0m
[1.241s] [ 50%] [32mBuilding CXX object CMakeFiles/move_robot_node.dir/src/move_robot_node.cpp.o[0m
[2.858s] [100%] [32m[1mLinking CXX executable move_robot_node[0m
[2.944s] [100%] Built target move_robot_node
[2.951s] Invoked command in '/home/mithun/dev_ws/build/articubot_one' returned '0': CMAKE_PREFIX_PATH=${CMAKE_PREFIX_PATH}:/home/mithun/robo_ws/install/joy_tester:/opt/ros/foxy /usr/bin/cmake --build /home/mithun/dev_ws/build/articubot_one -- -j16 -l16
[2.972s] Invoking command in '/home/mithun/dev_ws/build/articubot_one': CMAKE_PREFIX_PATH=${CMAKE_PREFIX_PATH}:/home/mithun/robo_ws/install/joy_tester:/opt/ros/foxy /usr/bin/cmake --install /home/mithun/dev_ws/build/articubot_one
[2.978s] -- Install configuration: ""
[2.978s] -- Installing: /home/mithun/dev_ws/install/articubot_one/lib/articubot_one/move_robot_node
[2.979s] -- Set runtime path of "/home/mithun/dev_ws/install/articubot_one/lib/articubot_one/move_robot_node" to ""
[2.979s] -- Installing: /home/mithun/dev_ws/install/articubot_one/share/articubot_one/launch
[2.979s] -- Installing: /home/mithun/dev_ws/install/articubot_one/share/articubot_one/launch/launch_robot.launch.py
[2.979s] -- Installing: /home/mithun/dev_ws/install/articubot_one/share/articubot_one/launch/manager_cabin_launch.py
[2.979s] -- Installing: /home/mithun/dev_ws/install/articubot_one/share/articubot_one/launch/ceo_cabin_launch.py
[2.979s] -- Installing: /home/mithun/dev_ws/install/articubot_one/share/articubot_one/launch/camera.launch.py
[2.979s] -- Installing: /home/mithun/dev_ws/install/articubot_one/share/articubot_one/launch/online_async_launch.py
[2.979s] -- Installing: /home/mithun/dev_ws/install/articubot_one/share/articubot_one/launch/launch_sim.launch.py
[2.979s] -- Installing: /home/mithun/dev_ws/install/articubot_one/share/articubot_one/launch/rsp.launch.py
[2.979s] -- Installing: /home/mithun/dev_ws/install/articubot_one/share/articubot_one/launch/joystick.launch.py
[2.979s] -- Installing: /home/mithun/dev_ws/install/articubot_one/share/articubot_one/launch/navigation_launch.py
[2.979s] -- Installing: /home/mithun/dev_ws/install/articubot_one/share/articubot_one/launch/localization_launch.py
[2.980s] -- Installing: /home/mithun/dev_ws/install/articubot_one/share/articubot_one/launch/rplidar.launch.py
[2.980s] -- Installing: /home/mithun/dev_ws/install/articubot_one/share/articubot_one/launch/ball_tracker.launch.py
[2.980s] -- Installing: /home/mithun/dev_ws/install/articubot_one/share/articubot_one/description
[2.980s] -- Installing: /home/mithun/dev_ws/install/articubot_one/share/articubot_one/description/gazebo_control.xacro
[2.980s] -- Installing: /home/mithun/dev_ws/install/articubot_one/share/articubot_one/description/robot.urdf.xacro
[2.980s] -- Installing: /home/mithun/dev_ws/install/articubot_one/share/articubot_one/description/face.xacro
[2.980s] -- Installing: /home/mithun/dev_ws/install/articubot_one/share/articubot_one/description/camera.xacro
[2.980s] -- Installing: /home/mithun/dev_ws/install/articubot_one/share/articubot_one/description/robot_core.xacro
[2.980s] -- Installing: /home/mithun/dev_ws/install/articubot_one/share/articubot_one/description/lidar.xacro
[2.980s] -- Installing: /home/mithun/dev_ws/install/articubot_one/share/articubot_one/description/inertial_macros.xacro
[2.980s] -- Installing: /home/mithun/dev_ws/install/articubot_one/share/articubot_one/description/depth_camera.xacro
[2.980s] -- Installing: /home/mithun/dev_ws/install/articubot_one/share/articubot_one/description/ros2_control.xacro
[2.980s] -- Installing: /home/mithun/dev_ws/install/articubot_one/share/articubot_one/config
[2.980s] -- Installing: /home/mithun/dev_ws/install/articubot_one/share/articubot_one/config/joystick.yaml
[2.980s] -- Installing: /home/mithun/dev_ws/install/articubot_one/share/articubot_one/config/my_controllers.yaml
[2.980s] -- Installing: /home/mithun/dev_ws/install/articubot_one/share/articubot_one/config/empty.yaml
[2.980s] -- Installing: /home/mithun/dev_ws/install/articubot_one/share/articubot_one/config/ball_tracker_params_robot.yaml
[2.980s] -- Installing: /home/mithun/dev_ws/install/articubot_one/share/articubot_one/config/drive_bot.rviz
[2.980s] -- Installing: /home/mithun/dev_ws/install/articubot_one/share/articubot_one/config/map.rviz
[2.980s] -- Installing: /home/mithun/dev_ws/install/articubot_one/share/articubot_one/config/main.rviz
[2.980s] -- Installing: /home/mithun/dev_ws/install/articubot_one/share/articubot_one/config/gaz_ros2_ctl_use_sim.yaml
[2.980s] -- Installing: /home/mithun/dev_ws/install/articubot_one/share/articubot_one/config/mapper_params_online_async.yaml
[2.980s] -- Installing: /home/mithun/dev_ws/install/articubot_one/share/articubot_one/config/view_bot.rviz
[2.981s] -- Installing: /home/mithun/dev_ws/install/articubot_one/share/articubot_one/config/gazebo_params.yaml
[2.981s] -- Installing: /home/mithun/dev_ws/install/articubot_one/share/articubot_one/config/ball_tracker_params_sim.yaml
[2.981s] -- Installing: /home/mithun/dev_ws/install/articubot_one/share/articubot_one/config/nav2_params.yaml
[2.981s] -- Installing: /home/mithun/dev_ws/install/articubot_one/share/articubot_one/config/twist_mux.yaml
[2.981s] -- Installing: /home/mithun/dev_ws/install/articubot_one/share/articubot_one/worlds
[2.981s] -- Installing: /home/mithun/dev_ws/install/articubot_one/share/articubot_one/worlds/obstacles..world
[2.981s] -- Installing: /home/mithun/dev_ws/install/articubot_one/share/articubot_one/worlds/empty.world
[2.981s] -- Installing: /home/mithun/dev_ws/install/articubot_one/share/articubot_one/worlds/obstacles.world
[2.981s] -- Installing: /home/mithun/dev_ws/install/articubot_one/share/articubot_one/worlds/obstacles_world
[2.982s] -- Installing: /home/mithun/dev_ws/install/articubot_one/share/ament_index/resource_index/package_run_dependencies/articubot_one
[2.982s] -- Installing: /home/mithun/dev_ws/install/articubot_one/share/ament_index/resource_index/parent_prefix_path/articubot_one
[2.982s] -- Installing: /home/mithun/dev_ws/install/articubot_one/share/articubot_one/environment/ament_prefix_path.sh
[2.982s] -- Installing: /home/mithun/dev_ws/install/articubot_one/share/articubot_one/environment/ament_prefix_path.dsv
[2.982s] -- Installing: /home/mithun/dev_ws/install/articubot_one/share/articubot_one/environment/path.sh
[2.982s] -- Installing: /home/mithun/dev_ws/install/articubot_one/share/articubot_one/environment/path.dsv
[2.982s] -- Installing: /home/mithun/dev_ws/install/articubot_one/share/articubot_one/local_setup.bash
[2.982s] -- Installing: /home/mithun/dev_ws/install/articubot_one/share/articubot_one/local_setup.sh
[2.982s] -- Installing: /home/mithun/dev_ws/install/articubot_one/share/articubot_one/local_setup.zsh
[2.982s] -- Installing: /home/mithun/dev_ws/install/articubot_one/share/articubot_one/local_setup.dsv
[2.982s] -- Installing: /home/mithun/dev_ws/install/articubot_one/share/articubot_one/package.dsv
[2.982s] -- Installing: /home/mithun/dev_ws/install/articubot_one/share/ament_index/resource_index/packages/articubot_one
[2.982s] -- Installing: /home/mithun/dev_ws/install/articubot_one/share/articubot_one/cmake/articubot_oneConfig.cmake
[2.982s] -- Installing: /home/mithun/dev_ws/install/articubot_one/share/articubot_one/cmake/articubot_oneConfig-version.cmake
[2.982s] -- Installing: /home/mithun/dev_ws/install/articubot_one/share/articubot_one/package.xml
[2.984s] Invoked command in '/home/mithun/dev_ws/build/articubot_one' returned '0': CMAKE_PREFIX_PATH=${CMAKE_PREFIX_PATH}:/home/mithun/robo_ws/install/joy_tester:/opt/ros/foxy /usr/bin/cmake --install /home/mithun/dev_ws/build/articubot_one
